{"/Applications/MAMP/htdocs/myvertigo/canvas-unit-testing/app.js": {"path":"/Applications/MAMP/htdocs/myvertigo/canvas-unit-testing/app.js","statementMap":{"0":{"start":{"line":12,"column":8},"end":{"line":12,"column":56}},"1":{"start":{"line":18,"column":8},"end":{"line":18,"column":48}},"2":{"start":{"line":24,"column":8},"end":{"line":24,"column":39}},"3":{"start":{"line":30,"column":8},"end":{"line":30,"column":41}},"4":{"start":{"line":36,"column":8},"end":{"line":36,"column":40}},"5":{"start":{"line":42,"column":8},"end":{"line":42,"column":42}},"6":{"start":{"line":48,"column":8},"end":{"line":48,"column":62}},"7":{"start":{"line":50,"column":8},"end":{"line":50,"column":78}},"8":{"start":{"line":51,"column":8},"end":{"line":51,"column":21}},"9":{"start":{"line":59,"column":8},"end":{"line":59,"column":30}},"10":{"start":{"line":61,"column":8},"end":{"line":61,"column":58}},"11":{"start":{"line":62,"column":8},"end":{"line":62,"column":27}},"12":{"start":{"line":70,"column":8},"end":{"line":70,"column":28}},"13":{"start":{"line":72,"column":8},"end":{"line":78,"column":9}},"14":{"start":{"line":73,"column":12},"end":{"line":73,"column":38}},"15":{"start":{"line":75,"column":12},"end":{"line":77,"column":13}},"16":{"start":{"line":76,"column":16},"end":{"line":76,"column":49}},"17":{"start":{"line":89,"column":21},"end":{"line":89,"column":51}},"18":{"start":{"line":91,"column":8},"end":{"line":93,"column":9}},"19":{"start":{"line":92,"column":12},"end":{"line":92,"column":25}},"20":{"start":{"line":95,"column":8},"end":{"line":95,"column":56}},"21":{"start":{"line":96,"column":8},"end":{"line":96,"column":20}},"22":{"start":{"line":104,"column":8},"end":{"line":105,"column":45}},"23":{"start":{"line":104,"column":52},"end":{"line":104,"column":67}},"24":{"start":{"line":105,"column":27},"end":{"line":105,"column":36}},"25":{"start":{"line":116,"column":28},"end":{"line":124,"column":9}},"26":{"start":{"line":117,"column":29},"end":{"line":117,"column":50}},"27":{"start":{"line":119,"column":12},"end":{"line":121,"column":13}},"28":{"start":{"line":120,"column":16},"end":{"line":120,"column":75}},"29":{"start":{"line":123,"column":12},"end":{"line":123,"column":37}},"30":{"start":{"line":127,"column":8},"end":{"line":134,"column":9}},"31":{"start":{"line":128,"column":12},"end":{"line":133,"column":13}},"32":{"start":{"line":128,"column":70},"end":{"line":128,"column":79}},"33":{"start":{"line":132,"column":16},"end":{"line":132,"column":28}},"34":{"start":{"line":137,"column":8},"end":{"line":145,"column":9}},"35":{"start":{"line":138,"column":12},"end":{"line":144,"column":13}},"36":{"start":{"line":139,"column":125},"end":{"line":139,"column":134}},"37":{"start":{"line":143,"column":16},"end":{"line":143,"column":28}},"38":{"start":{"line":148,"column":8},"end":{"line":149,"column":183}},"39":{"start":{"line":148,"column":121},"end":{"line":148,"column":130}},"40":{"start":{"line":149,"column":121},"end":{"line":149,"column":130}},"41":{"start":{"line":159,"column":8},"end":{"line":159,"column":68}},"42":{"start":{"line":168,"column":30},"end":{"line":168,"column":52}},"43":{"start":{"line":169,"column":30},"end":{"line":169,"column":51}},"44":{"start":{"line":171,"column":8},"end":{"line":174,"column":9}},"45":{"start":{"line":172,"column":12},"end":{"line":172,"column":25}},"46":{"start":{"line":173,"column":12},"end":{"line":173,"column":24}},"47":{"start":{"line":176,"column":8},"end":{"line":178,"column":9}},"48":{"start":{"line":177,"column":12},"end":{"line":177,"column":41}},"49":{"start":{"line":188,"column":26},"end":{"line":188,"column":56}},"50":{"start":{"line":189,"column":26},"end":{"line":189,"column":57}},"51":{"start":{"line":191,"column":8},"end":{"line":196,"column":10}},"52":{"start":{"line":207,"column":24},"end":{"line":207,"column":52}},"53":{"start":{"line":209,"column":8},"end":{"line":211,"column":9}},"54":{"start":{"line":210,"column":12},"end":{"line":210,"column":25}},"55":{"start":{"line":213,"column":8},"end":{"line":219,"column":9}},"56":{"start":{"line":214,"column":12},"end":{"line":214,"column":51}},"57":{"start":{"line":217,"column":12},"end":{"line":217,"column":52}},"58":{"start":{"line":221,"column":8},"end":{"line":221,"column":30}},"59":{"start":{"line":222,"column":8},"end":{"line":222,"column":20}},"60":{"start":{"line":233,"column":8},"end":{"line":233,"column":42}},"61":{"start":{"line":234,"column":8},"end":{"line":234,"column":36}},"62":{"start":{"line":236,"column":8},"end":{"line":236,"column":59}},"63":{"start":{"line":238,"column":8},"end":{"line":245,"column":9}},"64":{"start":{"line":239,"column":12},"end":{"line":244,"column":13}},"65":{"start":{"line":240,"column":26},"end":{"line":240,"column":47}},"66":{"start":{"line":241,"column":26},"end":{"line":241,"column":50}},"67":{"start":{"line":243,"column":16},"end":{"line":243,"column":75}},"68":{"start":{"line":255,"column":34},"end":{"line":255,"column":35}},"69":{"start":{"line":257,"column":8},"end":{"line":257,"column":41}},"70":{"start":{"line":258,"column":8},"end":{"line":258,"column":36}},"71":{"start":{"line":260,"column":8},"end":{"line":260,"column":29}},"72":{"start":{"line":261,"column":12},"end":{"line":261,"column":52}},"73":{"start":{"line":262,"column":12},"end":{"line":262,"column":87}},"74":{"start":{"line":263,"column":12},"end":{"line":263,"column":69}},"75":{"start":{"line":264,"column":12},"end":{"line":264,"column":70}},"76":{"start":{"line":265,"column":12},"end":{"line":265,"column":30}},"77":{"start":{"line":266,"column":8},"end":{"line":266,"column":29}},"78":{"start":{"line":276,"column":23},"end":{"line":276,"column":74}},"79":{"start":{"line":278,"column":8},"end":{"line":278,"column":46}},"80":{"start":{"line":279,"column":8},"end":{"line":279,"column":36}},"81":{"start":{"line":281,"column":8},"end":{"line":281,"column":29}},"82":{"start":{"line":282,"column":12},"end":{"line":282,"column":102}},"83":{"start":{"line":283,"column":12},"end":{"line":283,"column":30}},"84":{"start":{"line":284,"column":8},"end":{"line":284,"column":29}},"85":{"start":{"line":295,"column":8},"end":{"line":295,"column":65}},"86":{"start":{"line":296,"column":8},"end":{"line":296,"column":37}},"87":{"start":{"line":297,"column":8},"end":{"line":297,"column":29}},"88":{"start":{"line":298,"column":12},"end":{"line":298,"column":91}},"89":{"start":{"line":299,"column":12},"end":{"line":299,"column":87}},"90":{"start":{"line":300,"column":12},"end":{"line":300,"column":30}},"91":{"start":{"line":301,"column":8},"end":{"line":301,"column":29}},"92":{"start":{"line":305,"column":0},"end":{"line":309,"column":1}},"93":{"start":{"line":306,"column":4},"end":{"line":306,"column":25}},"94":{"start":{"line":308,"column":4},"end":{"line":308,"column":18}}},"fnMap":{"0":{"name":"(anonymous_0)","decl":{"start":{"line":6,"column":4},"end":{"line":6,"column":5}},"loc":{"start":{"line":6,"column":19},"end":{"line":52,"column":5}},"line":6},"1":{"name":"(anonymous_1)","decl":{"start":{"line":58,"column":4},"end":{"line":58,"column":5}},"loc":{"start":{"line":58,"column":13},"end":{"line":63,"column":5}},"line":58},"2":{"name":"(anonymous_2)","decl":{"start":{"line":69,"column":4},"end":{"line":69,"column":5}},"loc":{"start":{"line":69,"column":22},"end":{"line":79,"column":5}},"line":69},"3":{"name":"(anonymous_3)","decl":{"start":{"line":88,"column":4},"end":{"line":88,"column":5}},"loc":{"start":{"line":88,"column":52},"end":{"line":97,"column":5}},"line":88},"4":{"name":"(anonymous_4)","decl":{"start":{"line":103,"column":4},"end":{"line":103,"column":5}},"loc":{"start":{"line":103,"column":19},"end":{"line":106,"column":5}},"line":103},"5":{"name":"(anonymous_5)","decl":{"start":{"line":104,"column":38},"end":{"line":104,"column":39}},"loc":{"start":{"line":104,"column":52},"end":{"line":104,"column":67}},"line":104},"6":{"name":"(anonymous_6)","decl":{"start":{"line":105,"column":20},"end":{"line":105,"column":21}},"loc":{"start":{"line":105,"column":27},"end":{"line":105,"column":36}},"line":105},"7":{"name":"(anonymous_7)","decl":{"start":{"line":115,"column":4},"end":{"line":115,"column":5}},"loc":{"start":{"line":115,"column":22},"end":{"line":150,"column":5}},"line":115},"8":{"name":"(anonymous_8)","decl":{"start":{"line":116,"column":28},"end":{"line":116,"column":29}},"loc":{"start":{"line":116,"column":67},"end":{"line":124,"column":9}},"line":116},"9":{"name":"(anonymous_9)","decl":{"start":{"line":128,"column":56},"end":{"line":128,"column":57}},"loc":{"start":{"line":128,"column":70},"end":{"line":128,"column":79}},"line":128},"10":{"name":"(anonymous_10)","decl":{"start":{"line":139,"column":111},"end":{"line":139,"column":112}},"loc":{"start":{"line":139,"column":125},"end":{"line":139,"column":134}},"line":139},"11":{"name":"(anonymous_11)","decl":{"start":{"line":148,"column":107},"end":{"line":148,"column":108}},"loc":{"start":{"line":148,"column":121},"end":{"line":148,"column":130}},"line":148},"12":{"name":"(anonymous_12)","decl":{"start":{"line":149,"column":107},"end":{"line":149,"column":108}},"loc":{"start":{"line":149,"column":121},"end":{"line":149,"column":130}},"line":149},"13":{"name":"(anonymous_13)","decl":{"start":{"line":158,"column":4},"end":{"line":158,"column":5}},"loc":{"start":{"line":158,"column":31},"end":{"line":160,"column":5}},"line":158},"14":{"name":"(anonymous_14)","decl":{"start":{"line":167,"column":4},"end":{"line":167,"column":5}},"loc":{"start":{"line":167,"column":20},"end":{"line":179,"column":5}},"line":167},"15":{"name":"(anonymous_15)","decl":{"start":{"line":187,"column":4},"end":{"line":187,"column":5}},"loc":{"start":{"line":187,"column":29},"end":{"line":197,"column":5}},"line":187},"16":{"name":"(anonymous_16)","decl":{"start":{"line":206,"column":4},"end":{"line":206,"column":5}},"loc":{"start":{"line":206,"column":37},"end":{"line":223,"column":5}},"line":206},"17":{"name":"(anonymous_17)","decl":{"start":{"line":232,"column":4},"end":{"line":232,"column":5}},"loc":{"start":{"line":232,"column":19},"end":{"line":246,"column":5}},"line":232},"18":{"name":"(anonymous_18)","decl":{"start":{"line":254,"column":4},"end":{"line":254,"column":5}},"loc":{"start":{"line":254,"column":23},"end":{"line":267,"column":5}},"line":254},"19":{"name":"(anonymous_19)","decl":{"start":{"line":275,"column":4},"end":{"line":275,"column":5}},"loc":{"start":{"line":275,"column":24},"end":{"line":285,"column":5}},"line":275},"20":{"name":"(anonymous_20)","decl":{"start":{"line":294,"column":4},"end":{"line":294,"column":5}},"loc":{"start":{"line":294,"column":55},"end":{"line":302,"column":5}},"line":294}},"branchMap":{"0":{"loc":{"start":{"line":88,"column":35},"end":{"line":88,"column":50}},"type":"default-arg","locations":[{"start":{"line":88,"column":45},"end":{"line":88,"column":50}}],"line":88},"1":{"loc":{"start":{"line":91,"column":8},"end":{"line":93,"column":9}},"type":"if","locations":[{"start":{"line":91,"column":8},"end":{"line":93,"column":9}},{"start":{"line":91,"column":8},"end":{"line":93,"column":9}}],"line":91},"2":{"loc":{"start":{"line":91,"column":12},"end":{"line":91,"column":55}},"type":"binary-expr","locations":[{"start":{"line":91,"column":12},"end":{"line":91,"column":39}},{"start":{"line":91,"column":44},"end":{"line":91,"column":54}}],"line":91},"3":{"loc":{"start":{"line":95,"column":39},"end":{"line":95,"column":55}},"type":"cond-expr","locations":[{"start":{"line":95,"column":49},"end":{"line":95,"column":50}},{"start":{"line":95,"column":53},"end":{"line":95,"column":55}}],"line":95},"4":{"loc":{"start":{"line":119,"column":12},"end":{"line":121,"column":13}},"type":"if","locations":[{"start":{"line":119,"column":12},"end":{"line":121,"column":13}},{"start":{"line":119,"column":12},"end":{"line":121,"column":13}}],"line":119},"5":{"loc":{"start":{"line":128,"column":12},"end":{"line":133,"column":13}},"type":"if","locations":[{"start":{"line":128,"column":12},"end":{"line":133,"column":13}},{"start":{"line":128,"column":12},"end":{"line":133,"column":13}}],"line":128},"6":{"loc":{"start":{"line":138,"column":12},"end":{"line":144,"column":13}},"type":"if","locations":[{"start":{"line":138,"column":12},"end":{"line":144,"column":13}},{"start":{"line":138,"column":12},"end":{"line":144,"column":13}}],"line":138},"7":{"loc":{"start":{"line":148,"column":15},"end":{"line":149,"column":182}},"type":"binary-expr","locations":[{"start":{"line":148,"column":15},"end":{"line":148,"column":182}},{"start":{"line":149,"column":15},"end":{"line":149,"column":182}}],"line":148},"8":{"loc":{"start":{"line":159,"column":15},"end":{"line":159,"column":67}},"type":"binary-expr","locations":[{"start":{"line":159,"column":15},"end":{"line":159,"column":35}},{"start":{"line":159,"column":39},"end":{"line":159,"column":67}}],"line":159},"9":{"loc":{"start":{"line":171,"column":8},"end":{"line":174,"column":9}},"type":"if","locations":[{"start":{"line":171,"column":8},"end":{"line":174,"column":9}},{"start":{"line":171,"column":8},"end":{"line":174,"column":9}}],"line":171},"10":{"loc":{"start":{"line":171,"column":12},"end":{"line":171,"column":55}},"type":"binary-expr","locations":[{"start":{"line":171,"column":12},"end":{"line":171,"column":30}},{"start":{"line":171,"column":34},"end":{"line":171,"column":55}}],"line":171},"11":{"loc":{"start":{"line":176,"column":8},"end":{"line":178,"column":9}},"type":"if","locations":[{"start":{"line":176,"column":8},"end":{"line":178,"column":9}},{"start":{"line":176,"column":8},"end":{"line":178,"column":9}}],"line":176},"12":{"loc":{"start":{"line":206,"column":20},"end":{"line":206,"column":35}},"type":"default-arg","locations":[{"start":{"line":206,"column":30},"end":{"line":206,"column":35}}],"line":206},"13":{"loc":{"start":{"line":209,"column":8},"end":{"line":211,"column":9}},"type":"if","locations":[{"start":{"line":209,"column":8},"end":{"line":211,"column":9}},{"start":{"line":209,"column":8},"end":{"line":211,"column":9}}],"line":209},"14":{"loc":{"start":{"line":213,"column":8},"end":{"line":219,"column":9}},"type":"if","locations":[{"start":{"line":213,"column":8},"end":{"line":219,"column":9}},{"start":{"line":213,"column":8},"end":{"line":219,"column":9}}],"line":213},"15":{"loc":{"start":{"line":295,"column":34},"end":{"line":295,"column":64}},"type":"cond-expr","locations":[{"start":{"line":295,"column":44},"end":{"line":295,"column":55}},{"start":{"line":295,"column":58},"end":{"line":295,"column":64}}],"line":295}},"s":{"0":1,"1":1,"2":1,"3":1,"4":1,"5":1,"6":1,"7":1,"8":1,"9":6,"10":6,"11":6,"12":6,"13":6,"14":18,"15":18,"16":54,"17":24,"18":24,"19":2,"20":22,"21":22,"22":5,"23":15,"24":45,"25":19,"26":127,"27":127,"28":7,"29":127,"30":19,"31":52,"32":156,"33":3,"34":16,"35":46,"36":138,"37":1,"38":15,"39":45,"40":42,"41":257,"42":3,"43":3,"44":3,"45":1,"46":1,"47":2,"48":1,"49":11,"50":11,"51":11,"52":11,"53":11,"54":1,"55":10,"56":4,"57":6,"58":10,"59":10,"60":6,"61":6,"62":6,"63":6,"64":18,"65":54,"66":54,"67":54,"68":4,"69":4,"70":4,"71":4,"72":4,"73":4,"74":4,"75":4,"76":4,"77":4,"78":6,"79":6,"80":6,"81":6,"82":6,"83":6,"84":6,"85":7,"86":7,"87":7,"88":7,"89":7,"90":7,"91":7,"92":1,"93":1,"94":0},"f":{"0":1,"1":6,"2":6,"3":24,"4":5,"5":15,"6":45,"7":19,"8":127,"9":156,"10":138,"11":45,"12":42,"13":257,"14":3,"15":11,"16":11,"17":6,"18":4,"19":6,"20":7},"b":{"0":[5],"1":[2,22],"2":[24,24],"3":[11,11],"4":[7,120],"5":[3,49],"6":[1,45],"7":[15,14],"8":[257,256],"9":[1,2],"10":[3,3],"11":[1,1],"12":[5],"13":[1,10],"14":[4,6],"15":[2,5]},"_coverageSchema":"332fd63041d2c1bcb487cc26dd0d5f7d97098a6c","hash":"67011ac6af804433bbd250e7b04f5d1e3f50e6a9"}
}
